Using pre-set license
Built from '2022.1/staging' branch; Version is '2022.1.20f1 (01d83b40d570) revision 120891'; Using compiler version '192829333'; Build Type 'Release'
OS: 'Windows 11  (10.0.22000) 64bit Core' Language: 'en' Physical Memory: 16236 MB
BatchMode: 1, IsHumanControllingUs: 0, StartBugReporterOnCrash: 0, Is64bit: 1, IsPro: 1

COMMAND LINE ARGUMENTS:
C:\Program Files\Unity\Hub\Editor\2022.1.20f1\Editor\Unity.exe
-adb2
-batchMode
-noUpm
-name
AssetImportWorker3
-projectPath
C:/Users/ottor/OneDrive/Documents/GitHub/Ascend-Ygdrasil/Game/ClimbYggdrasil
-logFile
Logs/AssetImportWorker3.log
-srvPort
59639
Successfully changed project path to: C:/Users/ottor/OneDrive/Documents/GitHub/Ascend-Ygdrasil/Game/ClimbYggdrasil
C:/Users/ottor/OneDrive/Documents/GitHub/Ascend-Ygdrasil/Game/ClimbYggdrasil
[UnityMemory] Configuration Parameters - Can be set up in boot.config
    "memorysetup-bucket-allocator-granularity=16"
    "memorysetup-bucket-allocator-bucket-count=8"
    "memorysetup-bucket-allocator-block-size=33554432"
    "memorysetup-bucket-allocator-block-count=8"
    "memorysetup-main-allocator-block-size=16777216"
    "memorysetup-thread-allocator-block-size=16777216"
    "memorysetup-gfx-main-allocator-block-size=16777216"
    "memorysetup-gfx-thread-allocator-block-size=16777216"
    "memorysetup-cache-allocator-block-size=4194304"
    "memorysetup-typetree-allocator-block-size=2097152"
    "memorysetup-profiler-bucket-allocator-granularity=16"
    "memorysetup-profiler-bucket-allocator-bucket-count=8"
    "memorysetup-profiler-bucket-allocator-block-size=33554432"
    "memorysetup-profiler-bucket-allocator-block-count=8"
    "memorysetup-profiler-allocator-block-size=16777216"
    "memorysetup-profiler-editor-allocator-block-size=1048576"
    "memorysetup-temp-allocator-size-main=16777216"
    "memorysetup-job-temp-allocator-block-size=2097152"
    "memorysetup-job-temp-allocator-block-size-background=1048576"
    "memorysetup-job-temp-allocator-reduction-small-platforms=262144"
    "memorysetup-temp-allocator-size-background-worker=32768"
    "memorysetup-temp-allocator-size-job-worker=262144"
    "memorysetup-temp-allocator-size-preload-manager=33554432"
    "memorysetup-temp-allocator-size-nav-mesh-worker=65536"
    "memorysetup-temp-allocator-size-audio-worker=65536"
    "memorysetup-temp-allocator-size-cloud-worker=32768"
    "memorysetup-temp-allocator-size-gi-baking-worker=262144"
    "memorysetup-temp-allocator-size-gfx=262144"
Refreshing native plugins compatible for Editor in 120.15 ms, found 4 plugins.
Preloading 0 native plugins for Editor in 0.00 ms.
Initialize engine version: 2022.1.20f1 (01d83b40d570)
[Subsystems] Discovering subsystems at path C:/Program Files/Unity/Hub/Editor/2022.1.20f1/Editor/Data/Resources/UnitySubsystems
[Subsystems] Discovering subsystems at path C:/Users/ottor/OneDrive/Documents/GitHub/Ascend-Ygdrasil/Game/ClimbYggdrasil/Assets
GfxDevice: creating device client; threaded=0; jobified=0
Direct3D:
    Version:  Direct3D 11.0 [level 11.1]
    Renderer: NVIDIA GeForce RTX 3060 Laptop GPU (ID=0x2560)
    Vendor:   NVIDIA
    VRAM:     6023 MB
    Driver:   30.0.15.1236
Initialize mono
Mono path[0] = 'C:/Program Files/Unity/Hub/Editor/2022.1.20f1/Editor/Data/Managed'
Mono path[1] = 'C:/Program Files/Unity/Hub/Editor/2022.1.20f1/Editor/Data/MonoBleedingEdge/lib/mono/unityjit-win32'
Mono config path = 'C:/Program Files/Unity/Hub/Editor/2022.1.20f1/Editor/Data/MonoBleedingEdge/etc'
Using monoOptions --debugger-agent=transport=dt_socket,embedding=1,server=y,suspend=n,address=127.0.0.1:56356
Begin MonoManager ReloadAssembly
Registering precompiled unity dll's ...
Register platform support module: C:/Program Files/Unity/Hub/Editor/2022.1.20f1/Editor/Data/PlaybackEngines/WindowsStandaloneSupport/UnityEditor.WindowsStandalone.Extensions.dll
Registered in 0.003313 seconds.
Native extension for WindowsStandalone target not found
Refreshing native plugins compatible for Editor in 88.71 ms, found 4 plugins.
Preloading 0 native plugins for Editor in 0.00 ms.
Mono: successfully reloaded assembly
- Completed reload, in  0.838 seconds
Domain Reload Profiling:
	ReloadAssembly (839ms)
		BeginReloadAssembly (74ms)
			ExecutionOrderSort (0ms)
			DisableScriptedObjects (0ms)
			BackupInstance (0ms)
			ReleaseScriptingObjects (0ms)
			CreateAndSetChildDomain (1ms)
		EndReloadAssembly (501ms)
			LoadAssemblies (73ms)
			RebuildTransferFunctionScriptingTraits (0ms)
			SetupTypeCache (115ms)
				TypeCache.Initialize (114ms)
					TypeCache.ScanAssembly (113ms)
				ResolveRequiredComponents (1ms)
			ReleaseScriptCaches (0ms)
			RebuildScriptCaches (29ms)
			SetupLoadedEditorAssemblies (299ms)
				LogAssemblyErrors (0ms)
				InitializePlatformSupportModulesInManaged (7ms)
				SetLoadedEditorAssemblies (8ms)
				RefreshPlugins (89ms)
				BeforeProcessingInitializeOnLoad (1ms)
				ProcessInitializeOnLoadAttributes (136ms)
				ProcessInitializeOnLoadMethodAttributes (58ms)
				AfterProcessingInitializeOnLoad (0ms)
				EditorAssembliesLoaded (0ms)
			ExecutionOrderSort2 (0ms)
			AwakeInstancesAfterBackupRestoration (0ms)
Platform modules already initialized, skipping
Registering precompiled user dll's ...
Registered in 0.008122 seconds.
Begin MonoManager ReloadAssembly
Symbol file LoadedFromMemory doesn't match image C:\Users\ottor\OneDrive\Documents\GitHub\Ascend-Ygdrasil\Game\ClimbYggdrasil\Library\PackageCache\com.unity.visualscripting@1.7.8\Editor\VisualScripting.Core\Dependencies\YamlDotNet\Unity.VisualScripting.YamlDotNet.dll
Symbol file LoadedFromMemory doesn't match image C:\Users\ottor\OneDrive\Documents\GitHub\Ascend-Ygdrasil\Game\ClimbYggdrasil\Library\PackageCache\com.unity.visualscripting@1.7.8\Editor\VisualScripting.Core\Dependencies\DotNetZip\Unity.VisualScripting.IonicZip.dll
Native extension for WindowsStandalone target not found
Refreshing native plugins compatible for Editor in 116.58 ms, found 4 plugins.
Preloading 0 native plugins for Editor in 0.00 ms.
Mono: successfully reloaded assembly
- Completed reload, in  1.430 seconds
Domain Reload Profiling:
	ReloadAssembly (1431ms)
		BeginReloadAssembly (138ms)
			ExecutionOrderSort (0ms)
			DisableScriptedObjects (6ms)
			BackupInstance (0ms)
			ReleaseScriptingObjects (0ms)
			CreateAndSetChildDomain (31ms)
		EndReloadAssembly (1170ms)
			LoadAssemblies (97ms)
			RebuildTransferFunctionScriptingTraits (0ms)
			SetupTypeCache (283ms)
				TypeCache.Initialize (278ms)
					TypeCache.ScanAssembly (271ms)
				ResolveRequiredComponents (5ms)
			ReleaseScriptCaches (1ms)
			RebuildScriptCaches (71ms)
			SetupLoadedEditorAssemblies (653ms)
				LogAssemblyErrors (0ms)
				InitializePlatformSupportModulesInManaged (5ms)
				SetLoadedEditorAssemblies (8ms)
				RefreshPlugins (117ms)
				BeforeProcessingInitializeOnLoad (102ms)
				ProcessInitializeOnLoadAttributes (371ms)
				ProcessInitializeOnLoadMethodAttributes (45ms)
				AfterProcessingInitializeOnLoad (5ms)
				EditorAssembliesLoaded (0ms)
			ExecutionOrderSort2 (0ms)
			AwakeInstancesAfterBackupRestoration (7ms)
Platform modules already initialized, skipping
========================================================================
Worker process is ready to serve import requests
Launched and connected shader compiler UnityShaderCompiler.exe after 0.08 seconds
Refreshing native plugins compatible for Editor in 1.46 ms, found 4 plugins.
Preloading 0 native plugins for Editor in 0.00 ms.
Unloading 4293 Unused Serialized files (Serialized files now loaded: 0)
Unloading 40 unused Assets / (58.3 KB). Loaded Objects now: 4752.
Memory consumption went from 0.65 GB to 0.65 GB.
Total: 5.546200 ms (FindLiveObjects: 0.700500 ms CreateObjectMapping: 0.562200 ms MarkObjects: 4.160800 ms  DeleteObjects: 0.121200 ms)

AssetImportParameters requested are different than current active one (requested -> active):
  custom:video-decoder-ogg-theora: a1e56fd34408186e4bbccfd4996cb3dc -> 
  custom:container-muxer-webm: aa71ff27fc2769a1b78a27578f13a17b -> 
  custom:container-demuxer-webm: 4f35f7cbe854078d1ac9338744f61a02 -> 
  custom:video-encoder-webm-vp8: eb34c28f22e8b96e1ab97ce403110664 -> 
  custom:video-codec-MediaFoundation-h265: 746d11721c4dcdbdad8f713fa42b33f4 -> 
  custom:audio-encoder-webm-vorbis: bf7c407c2cedff20999df2af8eb42d56 -> 
  custom:framework-win-MediaFoundation: 216162199b28c13a410421893ffa2e32 -> 
  custom:container-demuxer-ogg: 62fdf1f143b41e24485cea50d1cbac27 -> 
  custom:video-decoder-webm-vp8: 9c59270c3fd7afecdb556c50c9e8de78 -> 
  custom:audio-decoder-ogg-vorbis: bf7c407c2cedff20999df2af8eb42d56 -> 
========================================================================
Received Import Request.
  Time since last request: 24341.293087 seconds.
  path: Assets/AstarPathfindingProject/Editor/EditorAssets/LightSkin/reset_on.png
  artifactKey: Guid(990963b32226c440fb1a72e47e0ad7a2) Importer(2089858483,0ecaa5967403d082aa24f35e1b516d23)
Start importing Assets/AstarPathfindingProject/Editor/EditorAssets/LightSkin/reset_on.png using Guid(990963b32226c440fb1a72e47e0ad7a2) Importer(2089858483,0ecaa5967403d082aa24f35e1b516d23) Generated GUIDs only implemented for interfaces!
 -> (artifact id: '3e3c06fef6366dc68570e39a9beebd64') in 0.150197 seconds 
========================================================================
Received Import Request.
  Time since last request: 0.000026 seconds.
  path: Assets/AstarPathfindingProject/ExampleScenes/Prefabs/MineBot/mine_bot@awake.FBX
  artifactKey: Guid(7e212db0aa2c00b448aa511ece336f20) Importer(2089858483,0ecaa5967403d082aa24f35e1b516d23)
Start importing Assets/AstarPathfindingProject/ExampleScenes/Prefabs/MineBot/mine_bot@awake.FBX using Guid(7e212db0aa2c00b448aa511ece336f20) Importer(2089858483,0ecaa5967403d082aa24f35e1b516d23) Generated GUIDs only implemented for interfaces!
 -> (artifact id: '75161412a49d1d85896e1cf20c8dbccd') in 0.053712 seconds 
========================================================================
Received Import Request.
  Time since last request: 0.000041 seconds.
  path: Assets/AstarPathfindingProject/ExampleScenes/Prefabs/MineBot/mine_bot@right.FBX
  artifactKey: Guid(f8136785e54fd1d459d2a3a0849fe770) Importer(2089858483,0ecaa5967403d082aa24f35e1b516d23)
Start importing Assets/AstarPathfindingProject/ExampleScenes/Prefabs/MineBot/mine_bot@right.FBX using Guid(f8136785e54fd1d459d2a3a0849fe770) Importer(2089858483,0ecaa5967403d082aa24f35e1b516d23) Generated GUIDs only implemented for interfaces!
 -> (artifact id: 'b62e065cf9edecb4a0fbc6b3a85ee110') in 0.036774 seconds 
========================================================================
Received Import Request.
  Time since last request: 0.000046 seconds.
  path: Assets/TextMesh Pro/Examples & Extras/Scenes/20 - Input Field with Scrollbar.unity
  artifactKey: Guid(337f92480dd24675aae9e79210fb1ad9) Importer(2089858483,0ecaa5967403d082aa24f35e1b516d23)
Start importing Assets/TextMesh Pro/Examples & Extras/Scenes/20 - Input Field with Scrollbar.unity using Guid(337f92480dd24675aae9e79210fb1ad9) Importer(2089858483,0ecaa5967403d082aa24f35e1b516d23) Generated GUIDs only implemented for interfaces!
 -> (artifact id: '67a82ac8c4b4343383a39969d0f04e36') in 0.009433 seconds 
========================================================================
Received Import Request.
  Time since last request: 0.000025 seconds.
  path: Assets/AstarPathfindingProject/Editor/EditorAssets/DarkSkin/gizmoButton_off@1x.png
  artifactKey: Guid(b05124c2b9dc5429a84ef0195a916fce) Importer(2089858483,0ecaa5967403d082aa24f35e1b516d23)
Start importing Assets/AstarPathfindingProject/Editor/EditorAssets/DarkSkin/gizmoButton_off@1x.png using Guid(b05124c2b9dc5429a84ef0195a916fce) Importer(2089858483,0ecaa5967403d082aa24f35e1b516d23) Generated GUIDs only implemented for interfaces!
 -> (artifact id: '7bb8fd7d53ff960dea80fdac617c3d44') in 0.020366 seconds 
========================================================================
Received Import Request.
  Time since last request: 0.000023 seconds.
  path: Assets/TextMesh Pro/Examples & Extras/Textures/Wipe Pattern - Circle.psd
  artifactKey: Guid(10c49fcd9c64421db7c0133e61e55f97) Importer(2089858483,0ecaa5967403d082aa24f35e1b516d23)
Start importing Assets/TextMesh Pro/Examples & Extras/Textures/Wipe Pattern - Circle.psd using Guid(10c49fcd9c64421db7c0133e61e55f97) Importer(2089858483,0ecaa5967403d082aa24f35e1b516d23) Generated GUIDs only implemented for interfaces!
 -> (artifact id: '4f3634fb1bbb4221752c5e704334e061') in 0.025362 seconds 
========================================================================
Received Import Request.
  Time since last request: 0.000021 seconds.
  path: Assets/AstarPathfindingProject/ExampleScenes/Prefabs/MineBot/Materials/mine_bot@left-01 - Default.mat
  artifactKey: Guid(84be6514d56e743dd9b8f1a1fca98f50) Importer(2089858483,0ecaa5967403d082aa24f35e1b516d23)
Start importing Assets/AstarPathfindingProject/ExampleScenes/Prefabs/MineBot/Materials/mine_bot@left-01 - Default.mat using Guid(84be6514d56e743dd9b8f1a1fca98f50) Importer(2089858483,0ecaa5967403d082aa24f35e1b516d23) Generated GUIDs only implemented for interfaces!
 -> (artifact id: 'fe3f9de728a0e03d62a937211ed1a9bd') in 0.026571 seconds 
========================================================================
Received Import Request.
  Time since last request: 0.000028 seconds.
  path: Assets/TextMesh Pro/Examples & Extras/Resources/Fonts & Materials/Roboto-Bold SDF - Surface.mat
  artifactKey: Guid(e6b276ec991f467aa14ef1f3cc665993) Importer(2089858483,0ecaa5967403d082aa24f35e1b516d23)
Start importing Assets/TextMesh Pro/Examples & Extras/Resources/Fonts & Materials/Roboto-Bold SDF - Surface.mat using Guid(e6b276ec991f467aa14ef1f3cc665993) Importer(2089858483,0ecaa5967403d082aa24f35e1b516d23) Generated GUIDs only implemented for interfaces!
 -> (artifact id: '9dd34e80772b637c3ca5e30df70201fd') in 0.033206 seconds 
========================================================================
Received Import Request.
  Time since last request: 0.000024 seconds.
  path: Assets/AstarPathfindingProject/ExampleScenes/Prefabs/MineBot/Materials/mine_bot@forward-01 - Default.mat
  artifactKey: Guid(7c7ae9bbdf3d944e7877ee4243ac4801) Importer(2089858483,0ecaa5967403d082aa24f35e1b516d23)
Start importing Assets/AstarPathfindingProject/ExampleScenes/Prefabs/MineBot/Materials/mine_bot@forward-01 - Default.mat using Guid(7c7ae9bbdf3d944e7877ee4243ac4801) Importer(2089858483,0ecaa5967403d082aa24f35e1b516d23) Generated GUIDs only implemented for interfaces!
 -> (artifact id: 'e39af25245333ee2c3e98c2a0105eb33') in 0.015029 seconds 
========================================================================
Received Import Request.
  Time since last request: 0.000036 seconds.
  path: Assets/AstarPathfindingProject/Editor/EditorAssets/DarkSkin/images/gridPivotSelect-03.png
  artifactKey: Guid(0758c9e42111d4aec99694c875e9badc) Importer(2089858483,0ecaa5967403d082aa24f35e1b516d23)
Start importing Assets/AstarPathfindingProject/Editor/EditorAssets/DarkSkin/images/gridPivotSelect-03.png using Guid(0758c9e42111d4aec99694c875e9badc) Importer(2089858483,0ecaa5967403d082aa24f35e1b516d23) Generated GUIDs only implemented for interfaces!
 -> (artifact id: '69cbee24d217032ac1a33dcd026b942f') in 0.021368 seconds 
========================================================================
Received Import Request.
  Time since last request: 0.000033 seconds.
  path: Assets/TextMesh Pro/Examples & Extras/Resources/Fonts & Materials/Oswald Bold SDF.asset
  artifactKey: Guid(0161d805a3764c089bef00bfe00793f5) Importer(2089858483,0ecaa5967403d082aa24f35e1b516d23)
Start importing Assets/TextMesh Pro/Examples & Extras/Resources/Fonts & Materials/Oswald Bold SDF.asset using Guid(0161d805a3764c089bef00bfe00793f5) Importer(2089858483,0ecaa5967403d082aa24f35e1b516d23) Generated GUIDs only implemented for interfaces!
 -> (artifact id: 'c9ba5e593b14a95dd55d19365af2e2e8') in 0.071115 seconds 
========================================================================
Received Import Request.
  Time since last request: 0.000030 seconds.
  path: Assets/TextMesh Pro/Examples & Extras/Resources/Fonts & Materials/Bangers SDF Glow.mat
  artifactKey: Guid(d75b8f41e959450c84ac6e967084d3e1) Importer(2089858483,0ecaa5967403d082aa24f35e1b516d23)
Start importing Assets/TextMesh Pro/Examples & Extras/Resources/Fonts & Materials/Bangers SDF Glow.mat using Guid(d75b8f41e959450c84ac6e967084d3e1) Importer(2089858483,0ecaa5967403d082aa24f35e1b516d23) Generated GUIDs only implemented for interfaces!
 -> (artifact id: 'e42210d715dcd3f3e4ac1d479e3bc586') in 0.040464 seconds 
========================================================================
Received Import Request.
  Time since last request: 0.000037 seconds.
  path: Assets/AstarPathfindingProject/Editor/EditorAssets/DarkSkin/images/gridPivotSelect_On.png
  artifactKey: Guid(7ea4fc739ffbb4af1a466f655bf1d178) Importer(2089858483,0ecaa5967403d082aa24f35e1b516d23)
Start importing Assets/AstarPathfindingProject/Editor/EditorAssets/DarkSkin/images/gridPivotSelect_On.png using Guid(7ea4fc739ffbb4af1a466f655bf1d178) Importer(2089858483,0ecaa5967403d082aa24f35e1b516d23) Generated GUIDs only implemented for interfaces!
 -> (artifact id: '1724e5f7c9f8e09d2ed32e0c0093689b') in 0.021859 seconds 
========================================================================
Received Import Request.
  Time since last request: 0.000034 seconds.
  path: Assets/TextMesh Pro/Examples & Extras/Scripts/SimpleScript.cs
  artifactKey: Guid(9eff140b25d64601aabc6ba32245d099) Importer(2089858483,0ecaa5967403d082aa24f35e1b516d23)
Start importing Assets/TextMesh Pro/Examples & Extras/Scripts/SimpleScript.cs using Guid(9eff140b25d64601aabc6ba32245d099) Importer(2089858483,0ecaa5967403d082aa24f35e1b516d23) Generated GUIDs only implemented for interfaces!
 -> (artifact id: '7a9dcb1325a95c5990a1a78387e50cb3') in 0.013095 seconds 
========================================================================
Received Import Request.
  Time since last request: 0.000045 seconds.
  path: Assets/AstarPathfindingProject/Plugins/DotNetZip/Pathfinding.Ionic.Zip.Reduced.dll
  artifactKey: Guid(fe33c6edd001f4cc2a772cb71aff86be) Importer(2089858483,0ecaa5967403d082aa24f35e1b516d23)
Start importing Assets/AstarPathfindingProject/Plugins/DotNetZip/Pathfinding.Ionic.Zip.Reduced.dll using Guid(fe33c6edd001f4cc2a772cb71aff86be) Importer(2089858483,0ecaa5967403d082aa24f35e1b516d23) Generated GUIDs only implemented for interfaces!
 -> (artifact id: '946f33006f0c0a90355d979fda110d69') in 0.022740 seconds 
========================================================================
Received Import Request.
  Time since last request: 0.000034 seconds.
  path: Assets/AstarPathfindingProject/ExampleScenes/Example6_Navmesh/NavmeshExample.unity
  artifactKey: Guid(32536486e77cc4002ae78cd83c90bb2b) Importer(2089858483,0ecaa5967403d082aa24f35e1b516d23)
Start importing Assets/AstarPathfindingProject/ExampleScenes/Example6_Navmesh/NavmeshExample.unity using Guid(32536486e77cc4002ae78cd83c90bb2b) Importer(2089858483,0ecaa5967403d082aa24f35e1b516d23) Generated GUIDs only implemented for interfaces!
 -> (artifact id: '6d954785c5243a370a02905cf329b1ad') in 0.009345 seconds 
========================================================================
Received Import Request.
  Time since last request: 0.000028 seconds.
  path: Assets/TextMesh Pro/Examples & Extras/Textures/Small Crate_diffuse.jpg
  artifactKey: Guid(602cb87b6a29443b8636370ea0751574) Importer(2089858483,0ecaa5967403d082aa24f35e1b516d23)
Start importing Assets/TextMesh Pro/Examples & Extras/Textures/Small Crate_diffuse.jpg using Guid(602cb87b6a29443b8636370ea0751574) Importer(2089858483,0ecaa5967403d082aa24f35e1b516d23) Generated GUIDs only implemented for interfaces!
 -> (artifact id: 'c5c9308b37f69b1800698028ee99222e') in 0.015776 seconds 
========================================================================
Received Import Request.
  Time since last request: 0.000033 seconds.
  path: Assets/AstarPathfindingProject/Editor/EditorAssets/AstarEditorSkinLight.guiskin
  artifactKey: Guid(66428235a3cda4584bd90de6998ad4d2) Importer(2089858483,0ecaa5967403d082aa24f35e1b516d23)
Start importing Assets/AstarPathfindingProject/Editor/EditorAssets/AstarEditorSkinLight.guiskin using Guid(66428235a3cda4584bd90de6998ad4d2) Importer(2089858483,0ecaa5967403d082aa24f35e1b516d23) Generated GUIDs only implemented for interfaces!
 -> (artifact id: 'ca36ae9a07ab3d287822cf127a2a61e6') in 0.113107 seconds 
========================================================================
Received Import Request.
  Time since last request: 0.000022 seconds.
  path: Assets/TextMesh Pro/Resources/LineBreaking Following Characters.txt
  artifactKey: Guid(fade42e8bc714b018fac513c043d323b) Importer(2089858483,0ecaa5967403d082aa24f35e1b516d23)
Start importing Assets/TextMesh Pro/Resources/LineBreaking Following Characters.txt using Guid(fade42e8bc714b018fac513c043d323b) Importer(2089858483,0ecaa5967403d082aa24f35e1b516d23) Generated GUIDs only implemented for interfaces!
 -> (artifact id: '88f2b2ba7a30c1e7e4a8bfd10acc9212') in 0.012422 seconds 
========================================================================
Received Import Request.
  Time since last request: 0.000039 seconds.
  path: Assets/TextMesh Pro/Examples & Extras/Fonts/Bangers - OFL.txt
  artifactKey: Guid(efe0bf4ac872451e91612d1ae593f480) Importer(2089858483,0ecaa5967403d082aa24f35e1b516d23)
Start importing Assets/TextMesh Pro/Examples & Extras/Fonts/Bangers - OFL.txt using Guid(efe0bf4ac872451e91612d1ae593f480) Importer(2089858483,0ecaa5967403d082aa24f35e1b516d23) Generated GUIDs only implemented for interfaces!
 -> (artifact id: '9c560671db23dbb5cfec9ad524051986') in 0.014040 seconds 
========================================================================
Received Import Request.
  Time since last request: 0.000019 seconds.
  path: Assets/AstarPathfindingProject/Editor/EditorAssets/DarkSkin/editButton_active@2x.png
  artifactKey: Guid(f6a4baf90a7bb4e4a92abe07f1a0a9d3) Importer(2089858483,0ecaa5967403d082aa24f35e1b516d23)
Start importing Assets/AstarPathfindingProject/Editor/EditorAssets/DarkSkin/editButton_active@2x.png using Guid(f6a4baf90a7bb4e4a92abe07f1a0a9d3) Importer(2089858483,0ecaa5967403d082aa24f35e1b516d23) Generated GUIDs only implemented for interfaces!
 -> (artifact id: '9723f31c6bbf990cafef2434473ef0c8') in 0.020998 seconds 
========================================================================
Received Import Request.
  Time since last request: 0.000023 seconds.
  path: Assets/TextMesh Pro/Examples & Extras/Scenes/25 - Sunny Days Example.unity
  artifactKey: Guid(f9b4c22e15cff344ba9fc6542a58dd07) Importer(2089858483,0ecaa5967403d082aa24f35e1b516d23)
Start importing Assets/TextMesh Pro/Examples & Extras/Scenes/25 - Sunny Days Example.unity using Guid(f9b4c22e15cff344ba9fc6542a58dd07) Importer(2089858483,0ecaa5967403d082aa24f35e1b516d23) Generated GUIDs only implemented for interfaces!
 -> (artifact id: 'e55210337780de8c7daf8404ccc2a2c9') in 0.007255 seconds 
========================================================================
Received Import Request.
  Time since last request: 0.000023 seconds.
  path: Assets/TextMesh Pro/Examples & Extras/Resources/Color Gradient Presets/Light to Dark Green - Vertical.asset
  artifactKey: Guid(5cf8ae092ca54931b443bec5148f3c59) Importer(2089858483,0ecaa5967403d082aa24f35e1b516d23)
Start importing Assets/TextMesh Pro/Examples & Extras/Resources/Color Gradient Presets/Light to Dark Green - Vertical.asset using Guid(5cf8ae092ca54931b443bec5148f3c59) Importer(2089858483,0ecaa5967403d082aa24f35e1b516d23) Generated GUIDs only implemented for interfaces!
 -> (artifact id: '744c09a0b5750165c57650166878885d') in 0.017725 seconds 
========================================================================
Received Import Request.
  Time since last request: 0.000027 seconds.
  path: Assets/AstarPathfindingProject/ExampleScenes/Materials/Textures/Falloff-Reflected.psd
  artifactKey: Guid(5d4852a517f1f496ebca302bd37b988a) Importer(2089858483,0ecaa5967403d082aa24f35e1b516d23)
Start importing Assets/AstarPathfindingProject/ExampleScenes/Materials/Textures/Falloff-Reflected.psd using Guid(5d4852a517f1f496ebca302bd37b988a) Importer(2089858483,0ecaa5967403d082aa24f35e1b516d23) Generated GUIDs only implemented for interfaces!
 -> (artifact id: '7379d51613511f3a8e97b31fc8531e93') in 0.023248 seconds 
========================================================================
Received Import Request.
  Time since last request: 0.000026 seconds.
  path: Assets/TextMesh Pro/Resources/Style Sheets/Default Style Sheet.asset
  artifactKey: Guid(f952c082cb03451daed3ee968ac6c63e) Importer(2089858483,0ecaa5967403d082aa24f35e1b516d23)
Start importing Assets/TextMesh Pro/Resources/Style Sheets/Default Style Sheet.asset using Guid(f952c082cb03451daed3ee968ac6c63e) Importer(2089858483,0ecaa5967403d082aa24f35e1b516d23) Generated GUIDs only implemented for interfaces!
 -> (artifact id: '2160a36eebe26dd96e27bd0b40fdf25c') in 0.008790 seconds 
========================================================================
Received Import Request.
  Time since last request: 0.000035 seconds.
  path: Assets/AstarPathfindingProject/Editor/EditorAssets/LightSkin/gizmoButton_on@1x.png
  artifactKey: Guid(455f4fe795672465c8a4e8db3c6b9ccb) Importer(2089858483,0ecaa5967403d082aa24f35e1b516d23)
Start importing Assets/AstarPathfindingProject/Editor/EditorAssets/LightSkin/gizmoButton_on@1x.png using Guid(455f4fe795672465c8a4e8db3c6b9ccb) Importer(2089858483,0ecaa5967403d082aa24f35e1b516d23) Generated GUIDs only implemented for interfaces!
 -> (artifact id: 'a36dd7ddf2e3dbef6f2c3a93479a8831') in 0.020078 seconds 
========================================================================
Received Import Request.
  Time since last request: 0.000022 seconds.
  path: Assets/AstarPathfindingProject/Core/AI/NavmeshController.cs
  artifactKey: Guid(20549335d45df4a329ece093b865221b) Importer(2089858483,0ecaa5967403d082aa24f35e1b516d23)
Start importing Assets/AstarPathfindingProject/Core/AI/NavmeshController.cs using Guid(20549335d45df4a329ece093b865221b) Importer(2089858483,0ecaa5967403d082aa24f35e1b516d23) Generated GUIDs only implemented for interfaces!
 -> (artifact id: '61325901670ad10543810e7cc4196621') in 0.010011 seconds 
========================================================================
Received Import Request.
  Time since last request: 0.000024 seconds.
  path: Assets/AstarPathfindingProject/ExampleScenes/Example5_PointGraph/ListCubes.mat
  artifactKey: Guid(9c0721c9b4f3c4cb894656485acb9228) Importer(2089858483,0ecaa5967403d082aa24f35e1b516d23)
Start importing Assets/AstarPathfindingProject/ExampleScenes/Example5_PointGraph/ListCubes.mat using Guid(9c0721c9b4f3c4cb894656485acb9228) Importer(2089858483,0ecaa5967403d082aa24f35e1b516d23) Generated GUIDs only implemented for interfaces!
 -> (artifact id: 'b7ed1451e39a2116ca3905a32a85cad6') in 0.021501 seconds 
========================================================================
Received Import Request.
  Time since last request: 0.000027 seconds.
  path: Assets/AstarPathfindingProject/ExampleScenes/Materials/Door.mat
  artifactKey: Guid(863174fbef875425ca78e4c949f12318) Importer(2089858483,0ecaa5967403d082aa24f35e1b516d23)
Start importing Assets/AstarPathfindingProject/ExampleScenes/Materials/Door.mat using Guid(863174fbef875425ca78e4c949f12318) Importer(2089858483,0ecaa5967403d082aa24f35e1b516d23) Generated GUIDs only implemented for interfaces!
 -> (artifact id: 'f1a948d530c8397ee866fcf0255daad4') in 0.013011 seconds 
========================================================================
Received Import Request.
  Time since last request: 0.000027 seconds.
  path: Assets/TextMesh Pro/Examples & Extras/Scripts/TextMeshSpawner.cs
  artifactKey: Guid(76c11bbcfddf44e0ba17d6c2751c8d84) Importer(2089858483,0ecaa5967403d082aa24f35e1b516d23)
Start importing Assets/TextMesh Pro/Examples & Extras/Scripts/TextMeshSpawner.cs using Guid(76c11bbcfddf44e0ba17d6c2751c8d84) Importer(2089858483,0ecaa5967403d082aa24f35e1b516d23) Generated GUIDs only implemented for interfaces!
 -> (artifact id: 'c2b9242a405ff0668690932e34c46f95') in 0.010620 seconds 
========================================================================
Received Import Request.
  Time since last request: 0.000035 seconds.
  path: Assets/TextMesh Pro/Resources/Sprite Assets/EmojiOne.asset
  artifactKey: Guid(c41005c129ba4d66911b75229fd70b45) Importer(2089858483,0ecaa5967403d082aa24f35e1b516d23)
Start importing Assets/TextMesh Pro/Resources/Sprite Assets/EmojiOne.asset using Guid(c41005c129ba4d66911b75229fd70b45) Importer(2089858483,0ecaa5967403d082aa24f35e1b516d23) Generated GUIDs only implemented for interfaces!
 -> (artifact id: '7a28bf346c256a99afa2ef7faeb26f5d') in 0.017760 seconds 
========================================================================
Received Import Request.
  Time since last request: 0.000024 seconds.
  path: Assets/AstarPathfindingProject/Editor/EditorAssets/Materials/NavmeshOutline.mat
  artifactKey: Guid(91035448860ba4e708919485c73f7edc) Importer(2089858483,0ecaa5967403d082aa24f35e1b516d23)
Start importing Assets/AstarPathfindingProject/Editor/EditorAssets/Materials/NavmeshOutline.mat using Guid(91035448860ba4e708919485c73f7edc) Importer(2089858483,0ecaa5967403d082aa24f35e1b516d23) Generated GUIDs only implemented for interfaces!
 -> (artifact id: '5b88841301a0a4c40c6546b015e42f15') in 0.015271 seconds 
========================================================================
Received Import Request.
  Time since last request: 0.000025 seconds.
  path: Assets/AstarPathfindingProject/ExampleScenes/Materials/Ground.mat
  artifactKey: Guid(3219de2d574674beb889c87b844502b5) Importer(2089858483,0ecaa5967403d082aa24f35e1b516d23)
Start importing Assets/AstarPathfindingProject/ExampleScenes/Materials/Ground.mat using Guid(3219de2d574674beb889c87b844502b5) Importer(2089858483,0ecaa5967403d082aa24f35e1b516d23) Generated GUIDs only implemented for interfaces!
 -> (artifact id: 'c36b4f95ca85b523403293b2fb8c09f2') in 0.015613 seconds 
========================================================================
Received Import Request.
  Time since last request: 0.000023 seconds.
  path: Assets/TextMesh Pro/Examples & Extras/Textures/Gradient Diagonal (Color).jpg
  artifactKey: Guid(2ce5c55e85304b819a1826ecbc839aa5) Importer(2089858483,0ecaa5967403d082aa24f35e1b516d23)
Start importing Assets/TextMesh Pro/Examples & Extras/Textures/Gradient Diagonal (Color).jpg using Guid(2ce5c55e85304b819a1826ecbc839aa5) Importer(2089858483,0ecaa5967403d082aa24f35e1b516d23) Generated GUIDs only implemented for interfaces!
 -> (artifact id: 'be2dcd01b2564724aee14140febc931d') in 0.013748 seconds 
========================================================================
Received Import Request.
  Time since last request: 0.000020 seconds.
  path: Assets/TextMesh Pro/Examples & Extras/Resources/Fonts & Materials/LiberationSans SDF - Overlay.mat
  artifactKey: Guid(9ad269c99dcf42b7aedefd83dd5a7b9d) Importer(2089858483,0ecaa5967403d082aa24f35e1b516d23)
Start importing Assets/TextMesh Pro/Examples & Extras/Resources/Fonts & Materials/LiberationSans SDF - Overlay.mat using Guid(9ad269c99dcf42b7aedefd83dd5a7b9d) Importer(2089858483,0ecaa5967403d082aa24f35e1b516d23) Generated GUIDs only implemented for interfaces!
 -> (artifact id: '6372e73d800a94aed03a06000dfa96ef') in 0.027863 seconds 
========================================================================
Received Import Request.
  Time since last request: 0.000020 seconds.
  path: Assets/AstarPathfindingProject/Editor/EditorAssets/Materials/NavmeshOutline.shader
  artifactKey: Guid(6c78a6dd468954643a87ebf0014bc305) Importer(2089858483,0ecaa5967403d082aa24f35e1b516d23)
Start importing Assets/AstarPathfindingProject/Editor/EditorAssets/Materials/NavmeshOutline.shader using Guid(6c78a6dd468954643a87ebf0014bc305) Importer(2089858483,0ecaa5967403d082aa24f35e1b516d23) Generated GUIDs only implemented for interfaces!
 -> (artifact id: '44657d99077213cb4574324ff0da1412') in 0.014473 seconds 
========================================================================
Received Import Request.
  Time since last request: 0.000026 seconds.
  path: Assets/AstarPathfindingProject/Generators/NodeClasses/PointNode.cs
  artifactKey: Guid(986ad6174b59e40068c715a916740ce9) Importer(2089858483,0ecaa5967403d082aa24f35e1b516d23)
Start importing Assets/AstarPathfindingProject/Generators/NodeClasses/PointNode.cs using Guid(986ad6174b59e40068c715a916740ce9) Importer(2089858483,0ecaa5967403d082aa24f35e1b516d23) Generated GUIDs only implemented for interfaces!
 -> (artifact id: 'ccdfd91eea2335259cb13504a2af0095') in 0.007613 seconds 
========================================================================
Received Import Request.
  Time since last request: 0.000022 seconds.
  path: Assets/AstarPathfindingProject/PackageTools/Editor/EditorBase.cs
  artifactKey: Guid(58753931a68ae48b3973d0ce32d1a760) Importer(2089858483,0ecaa5967403d082aa24f35e1b516d23)
Start importing Assets/AstarPathfindingProject/PackageTools/Editor/EditorBase.cs using Guid(58753931a68ae48b3973d0ce32d1a760) Importer(2089858483,0ecaa5967403d082aa24f35e1b516d23) Generated GUIDs only implemented for interfaces!
 -> (artifact id: 'c4094be3e183fd54a719d976adc25489') in 0.009246 seconds 
========================================================================
Received Import Request.
  Time since last request: 0.000026 seconds.
  path: Assets/AstarPathfindingProject/Core/Misc/EditorResourceHelper.cs
  artifactKey: Guid(8127bc49e9e2d42dfa7a4e057842f165) Importer(2089858483,0ecaa5967403d082aa24f35e1b516d23)
Start importing Assets/AstarPathfindingProject/Core/Misc/EditorResourceHelper.cs using Guid(8127bc49e9e2d42dfa7a4e057842f165) Importer(2089858483,0ecaa5967403d082aa24f35e1b516d23) Generated GUIDs only implemented for interfaces!
 -> (artifact id: 'e753559f6cba192eedfff56dc38d10e3') in 0.007783 seconds 
========================================================================
Received Import Request.
  Time since last request: 0.000020 seconds.
  path: Assets/AstarPathfindingProject/Editor/EditorAssets/DarkSkin/deleteButton@2x.png
  artifactKey: Guid(c730485723dee4bcbad9d8a7593a8799) Importer(2089858483,0ecaa5967403d082aa24f35e1b516d23)
Start importing Assets/AstarPathfindingProject/Editor/EditorAssets/DarkSkin/deleteButton@2x.png using Guid(c730485723dee4bcbad9d8a7593a8799) Importer(2089858483,0ecaa5967403d082aa24f35e1b516d23) Generated GUIDs only implemented for interfaces!
 -> (artifact id: '974fe600e343ecbdbfad0f941c53e2fa') in 0.018675 seconds 
========================================================================
Received Import Request.
  Time since last request: 0.000045 seconds.
  path: Assets/TextMesh Pro/Examples & Extras/Scenes/10 - Bullets & Numbered List Example.unity
  artifactKey: Guid(c3f814e1d12c45568daf3dd9a86a0e61) Importer(2089858483,0ecaa5967403d082aa24f35e1b516d23)
Start importing Assets/TextMesh Pro/Examples & Extras/Scenes/10 - Bullets & Numbered List Example.unity using Guid(c3f814e1d12c45568daf3dd9a86a0e61) Importer(2089858483,0ecaa5967403d082aa24f35e1b516d23) Generated GUIDs only implemented for interfaces!
 -> (artifact id: '417604e50ea958b8562397ceee94af3f') in 0.007770 seconds 
========================================================================
Received Import Request.
  Time since last request: 0.000026 seconds.
  path: Assets/TextMesh Pro/Examples & Extras/Scenes/05 - Style Tags.unity
  artifactKey: Guid(70615243e2be4a81afaab9bf5d273d65) Importer(2089858483,0ecaa5967403d082aa24f35e1b516d23)
Start importing Assets/TextMesh Pro/Examples & Extras/Scenes/05 - Style Tags.unity using Guid(70615243e2be4a81afaab9bf5d273d65) Importer(2089858483,0ecaa5967403d082aa24f35e1b516d23) Generated GUIDs only implemented for interfaces!
 -> (artifact id: '080e88b1a24079ef8874004638a9e879') in 0.008375 seconds 
========================================================================
Received Import Request.
  Time since last request: 0.000024 seconds.
  path: Assets/TextMesh Pro/Fonts/LiberationSans - OFL.txt
  artifactKey: Guid(6e59c59b81ab47f9b6ec5781fa725d2c) Importer(2089858483,0ecaa5967403d082aa24f35e1b516d23)
Start importing Assets/TextMesh Pro/Fonts/LiberationSans - OFL.txt using Guid(6e59c59b81ab47f9b6ec5781fa725d2c) Importer(2089858483,0ecaa5967403d082aa24f35e1b516d23) Generated GUIDs only implemented for interfaces!
 -> (artifact id: '90be06ab52f654caeafa810b3c20e583') in 0.012751 seconds 
========================================================================
Received Import Request.
  Time since last request: 0.000021 seconds.
  path: Assets/AstarPathfindingProject/Core/AI/TurnBasedAI.cs
  artifactKey: Guid(8f95b80c439d6408b9afac9d013922e4) Importer(2089858483,0ecaa5967403d082aa24f35e1b516d23)
Start importing Assets/AstarPathfindingProject/Core/AI/TurnBasedAI.cs using Guid(8f95b80c439d6408b9afac9d013922e4) Importer(2089858483,0ecaa5967403d082aa24f35e1b516d23) Generated GUIDs only implemented for interfaces!
 -> (artifact id: '1e35f9c5cebc1133f91e3edca24986b3') in 0.009864 seconds 
========================================================================
Received Import Request.
  Time since last request: 0.000052 seconds.
  path: Assets/AstarPathfindingProject/Editor/EditorAssets/DarkSkin/headerBackground.png
  artifactKey: Guid(db5b85df63e094a1c96f11019bccc577) Importer(2089858483,0ecaa5967403d082aa24f35e1b516d23)
Start importing Assets/AstarPathfindingProject/Editor/EditorAssets/DarkSkin/headerBackground.png using Guid(db5b85df63e094a1c96f11019bccc577) Importer(2089858483,0ecaa5967403d082aa24f35e1b516d23) Generated GUIDs only implemented for interfaces!
 -> (artifact id: '64cdf414e8b1a9754bf2d62f0547991f') in 0.020822 seconds 
========================================================================
Received Import Request.
  Time since last request: 0.000019 seconds.
  path: Assets/TextMesh Pro/Examples & Extras/Scripts/VertexShakeA.cs
  artifactKey: Guid(f7cfa58e417a46ea8889989684c2522e) Importer(2089858483,0ecaa5967403d082aa24f35e1b516d23)
Start importing Assets/TextMesh Pro/Examples & Extras/Scripts/VertexShakeA.cs using Guid(f7cfa58e417a46ea8889989684c2522e) Importer(2089858483,0ecaa5967403d082aa24f35e1b516d23) Generated GUIDs only implemented for interfaces!
 -> (artifact id: '3d642a0e14fce3cc6b64f66704207c03') in 0.007858 seconds 
========================================================================
Received Import Request.
  Time since last request: 0.000022 seconds.
  path: Assets/TextMesh Pro/Examples & Extras/Scenes/01-  Single Line TextMesh Pro.unity
  artifactKey: Guid(2ac8cf212df6445e8aebbe3cb832e993) Importer(2089858483,0ecaa5967403d082aa24f35e1b516d23)
Start importing Assets/TextMesh Pro/Examples & Extras/Scenes/01-  Single Line TextMesh Pro.unity using Guid(2ac8cf212df6445e8aebbe3cb832e993) Importer(2089858483,0ecaa5967403d082aa24f35e1b516d23) Generated GUIDs only implemented for interfaces!
 -> (artifact id: 'e30e46056f28f182568f01cc0c3b9ba8') in 0.007981 seconds 
========================================================================
Received Import Request.
  Time since last request: 0.000019 seconds.
  path: Assets/TextMesh Pro/Examples & Extras/Scripts/SkewTextExample.cs
  artifactKey: Guid(d412675cfb3441efa3bf8dcd9b7624dc) Importer(2089858483,0ecaa5967403d082aa24f35e1b516d23)
Start importing Assets/TextMesh Pro/Examples & Extras/Scripts/SkewTextExample.cs using Guid(d412675cfb3441efa3bf8dcd9b7624dc) Importer(2089858483,0ecaa5967403d082aa24f35e1b516d23) Generated GUIDs only implemented for interfaces!
 -> (artifact id: '2783e83ab46a4819677b83892ea2764a') in 0.008287 seconds 
========================================================================
Received Import Request.
  Time since last request: 0.000025 seconds.
  path: Assets/AstarPathfindingProject/Editor/GraphEditors/GraphEditor.cs
  artifactKey: Guid(b0bbfd9d85ec946b2a05cdeaab0d6f5f) Importer(2089858483,0ecaa5967403d082aa24f35e1b516d23)
Start importing Assets/AstarPathfindingProject/Editor/GraphEditors/GraphEditor.cs using Guid(b0bbfd9d85ec946b2a05cdeaab0d6f5f) Importer(2089858483,0ecaa5967403d082aa24f35e1b516d23) Generated GUIDs only implemented for interfaces!
 -> (artifact id: '3ae8c5a4c06321e9bfeb94ea348fef27') in 0.009492 seconds 
========================================================================
Received Import Request.
  Time since last request: 0.000021 seconds.
  path: Assets/AstarPathfindingProject/Editor/EditorAssets/images/ArrowUp_on.png
  artifactKey: Guid(4c914fdaf554243fe9fb26afc323caef) Importer(2089858483,0ecaa5967403d082aa24f35e1b516d23)
Start importing Assets/AstarPathfindingProject/Editor/EditorAssets/images/ArrowUp_on.png using Guid(4c914fdaf554243fe9fb26afc323caef) Importer(2089858483,0ecaa5967403d082aa24f35e1b516d23) Generated GUIDs only implemented for interfaces!
 -> (artifact id: 'b70af1d66adeee12751f33c53aa02b88') in 0.018638 seconds 
Editor requested this worker to shutdown with reason: Scaling down because of idle timeout
AssetImportWorker is now disconnected from the server
Process exiting
Exiting without the bug reporter. Application will terminate with return code 0